Framework Information:
MOOSE Version:           git commit 5557a3181cf on 2022-11-17
LibMesh Version:         
PETSc Version:           3.16.6
SLEPc Version:           3.16.2
Current Time:            Tue Dec  6 22:28:55 2022
Executable Timestamp:    Tue Dec  6 22:18:26 2022

Parallelism:
  Num Processors:          5
  Num Threads:             1

Mesh: 
  Parallel Type:           replicated
  Mesh Dimension:          2
  Spatial Dimension:       2
  Nodes:                   
    Total:                 676
    Local:                 152
    Min/Max/Avg:           109/152/135
  Elems:                   
    Total:                 625
    Local:                 125
    Min/Max/Avg:           125/125/125
  Num Subdomains:          1
  Num Partitions:          5
  Partitioner:             metis

Nonlinear System:
  Num DOFs:                5408
  Num Local DOFs:          1216
  Variables:               { "gr0" "gr1" "gr2" "gr3" "gr4" "gr5" "gr6" "gr7" } 
  Finite Element Types:    "LAGRANGE" 
  Approximation Orders:    "FIRST" 

Auxiliary System:
  Num DOFs:                3176
  Num Local DOFs:          652
  Variables:               "bnds" { "unique_grains" "ghost_elements" "halos" "var_indices" } 
  Finite Element Types:    "LAGRANGE" "MONOMIAL" 
  Approximation Orders:    "FIRST" "CONSTANT" 

Execution Information:
  Executioner:             Transient
  TimeStepper:             IterationAdaptiveDT
  Solver Mode:             Preconditioned JFNK
  PETSc Preconditioner:    hypre boomeramg 

Finished inside of GrainTracker


Time Step 0, time = 0

Postprocessor Values:
+----------------+----------------+----------------+----------------+----------------+----------------+----------------+----------------+----------------+
| time           | DOFs           | bnd_length     | dt             | grain_tracker  | n_elements     | n_nodes        | ngrains        | run_time       |
+----------------+----------------+----------------+----------------+----------------+----------------+----------------+----------------+----------------+
|   0.000000e+00 |   0.000000e+00 |   0.000000e+00 |   0.000000e+00 |   1.000000e+01 |   3.289000e+03 |   3.735000e+03 |   0.000000e+00 |   0.000000e+00 |
+----------------+----------------+----------------+----------------+----------------+----------------+----------------+----------------+----------------+


Time Step 1, time = 5, dt = 5
 0 Nonlinear |R| = [32m2.659803e-01[39m
 1 Nonlinear |R| = [32m5.973223e-03[39m
 2 Nonlinear |R| = [32m7.169566e-05[39m
 3 Nonlinear |R| = [32m1.956882e-08[39m
 4 Nonlinear |R| = [32m6.707431e-13[39m
[32m Solve Converged![39m

Grain Tracker Status:
Grains active index 0: 2 -> 2
Grains active index 1: 3 -> 3
Grains active index 2: 2 -> 2
Grains active index 3: 1 -> 1
Grains active index 4: 1 -> 1
Grains active index 5: 1 -> 1
Grains active index 6: 0 -> 0
Grains active index 7: 0 -> 0

merging grain_i 0 and grain_j 2
merging grain_i._var_index 1 and grain_j._var_index 5
the grain_j._id 0
the grain_j._var_index 1
Finished inside of GrainTracker


Outlier Variable Residual Norms:
  gr0: [33m3.404751e-13[39m
  gr1: [33m3.558801e-13[39m

Postprocessor Values:
+----------------+----------------+----------------+----------------+----------------+----------------+----------------+----------------+----------------+
| time           | DOFs           | bnd_length     | dt             | grain_tracker  | n_elements     | n_nodes        | ngrains        | run_time       |
+----------------+----------------+----------------+----------------+----------------+----------------+----------------+----------------+----------------+
|   0.000000e+00 |   0.000000e+00 |   0.000000e+00 |   0.000000e+00 |   1.000000e+01 |   3.289000e+03 |   3.735000e+03 |   0.000000e+00 |   0.000000e+00 |
|   5.000000e+00 |   4.677100e+04 |   2.297931e+02 |   5.000000e+00 |   1.000000e+01 |   3.289000e+03 |   3.735000e+03 |   1.000000e+01 |   3.465612e+00 |
+----------------+----------------+----------------+----------------+----------------+----------------+----------------+----------------+----------------+


Time Step 2, time = 10.5, dt = 5.5
 0 Nonlinear |R| = [32m5.491790e-02[39m
 1 Nonlinear |R| = [32m2.849338e-03[39m
 2 Nonlinear |R| = [32m1.542514e-05[39m
 3 Nonlinear |R| = [32m1.242460e-09[39m
 4 Nonlinear |R| = [32m5.863160e-14[39m
[32m Solve Converged![39m

Grain Tracker Status:
Grains active index 0: 2 -> 2
Grains active index 1: 4 -> 3--
Grains active index 2: 2 -> 2
Grains active index 3: 1 -> 1
Grains active index 4: 1 -> 1
Grains active index 5: 0 -> 1++
Grains active index 6: 0 -> 0
Grains active index 7: 0 -> 0

[32mMarking Grain 0 as INACTIVE (variable index: 1)
[39m[33mNucleating Grain Detected  (variable index: 5)
[39m[33m
*****************************************************************************
Couldn't find a matching grain while working on variable index: 5
Creating new unique grain: 10
Grain ID: 10
Ghosted Entities: 236 236 236 236 260 260 260 260 261 261 261 285 285 285 286 286 286 306 306 306 306 306 307 307 307 307 308 308 308 309 309 309 310 310 310 311 311 311 330 330 330 330 330 331 331 331 332 332 332 333 333 333 334 334 334 335 335 335 336 336 337 337 337 361 361 361 362 362 362 362 386 386 386 386 387 387 387 387 387 1059 1059 1059 1059 1110 1110 1110 1110 1112 1112 1112 1281 1281 1281 1281 1281 1282 1282 1282 1282 1283 1283 1283 1284 1284 1341 1341 1341 1341 1343 1343 1343 1462 1462 1462 1464 1464 1464 1464 1465 1465 1465 1467 1467 1467 1467 1467 2554 2554 2554 2556 2556 2556 2559 2565 2565 2565 2567 2567 2567 2678 2678 2678 2680 2680 2680 2686 2686 2686 2688 2688 2688 2689 2689 2689 2691 2691 2691 2852 2852 2855 2855 2855 2966 2966 2966 2968 2968 2968 2969 2969 2969 2971 2971 2971 2974 2974 2974 2976 2976 2976 3187 3187 3187 3188 3188 3188 3191 3191 3191 3192 3192 3192 3193 3193 3193 3194 3194 3194 3197 3197 3197 3198 3198 3198 3498 3498 3498 3500 3500 3500 3506 3506 3506 3508 3508 3508 3509 3509 3509 3511 3511 3511 3517 3517 3517 3519 3519 3519 3654 3654 3654 3661 3661 3661 4273 4273 4273 4275 4275 4275 4311 4311 4311 4312 4312 4312 4313 4313 4313 4314 4314 4314 
Local Entities: 236 259 260 261 283 284 285 286 306 307 308 309 310 311 330 331 332 333 334 335 1059 1107 1108 1109 1110 1111 1112 1164 1165 1166 1167 1168 1218 1219 1220 1221 1222 1223 1224 1281 1282 1283 1284 2551 2552 2553 2554 2555 2556 2565 2567 2652 2654 2655 2656 2660 2662 2663 2664 2665 2666 2667 2668 2669 2670 2671 2672 2673 2674 2675 2676 2677 2678 2679 2680 2681 2682 2683 2684 2685 2686 2687 2688 2689 2691 2748 2750 2751 2752 2756 2758 2759 2760 2761 2762 2763 2764 2765 2766 2767 2768 2769 2770 2771 2772 2773 2774 2775 2776 2777 2778 2779 2780 2781 2782 2783 2784 2785 2786 2787 2788 2789 2790 2791 2792 2848 2852 2853 2854 2855 2856 2857 2858 2859 2860 2861 2862 2863 2864 2865 2866 2867 2868 2869 2870 2871 2872 2873 2874 2875 2876 2877 2878 2879 2880 2966 2968 2969 2970 2971 2972 2974 2976 2977 2978 2979 2980 4257 4258 4259 4260 4273 4274 4275 4276 
Halo Entities: 183 277 277 533 887 887 887 887 889 889 889 889 963 965 965 965 965 1042 1043 1043 1044 1044 1044 1044 1044 1045 1045 1046 1046 1046 1046 1046 1092 1092 1092 1092 1123 1123 1150 1150 1151 1151 1151 1152 1152 1152 1152 1152 1153 1153 1153 1153 1177 1177 1179 1179 1206 1206 1206 1206 1207 1207 1207 1207 1207 1233 1233 1235 1235 1268 1268 1268 1268 1269 1269 1269 1270 1270 1270 1270 1270 1293 1293 1295 1295 1295 1322 1322 1323 1323 1323 1324 1324 1324 1324 1324 1325 1325 1325 1325 1325 1349 1349 1349 1350 1351 1351 1351 1351 1352 1352 1393 1393 1393 1393 1393 1394 1394 1528 1528 1528 1528 1528 1530 1530 1530 1530 1530 1531 1531 1588 1588 1588 1588 1588 1590 1590 1590 1590 1590 1591 1591 1592 1593 1593 1594 1647 1647 1647 1647 1649 1649 1649 1649 1650 1650 1695 1695 1695 1695 1695 1696 1696 1697 1697 1697 1697 1697 1698 1699 1736 1736 1736 1737 1737 1737 1737 1737 1738 1738 1739 1776 1776 1776 1776 1776 1778 1778 1778 1778 1808 1808 1808 1808 1808 1810 1810 1810 1810 1810 1811 1811 1812 1813 1813 1835 1835 1835 1835 1837 1837 1837 1838 2177 2178 2179 2179 2180 2180 2180 2185 2187 2187 2188 2188 2188 2325 2325 2325 2326 2326 2326 2333 2333 2333 2334 2334 2334 2350 2350 2353 2353 2353 2355 2355 2356 2361 2361 2361 2362 2363 2363 2363 2364 2549 2549 2549 2550 2550 2550 2557 2557 2557 2558 2558 2558 2559 2649 2649 2649 2649 2650 2650 2650 2651 2651 2651 2653 2653 2653 2653 2657 2657 2657 2657 2658 2658 2658 2659 2659 2659 2661 2661 2661 2740 2742 2743 2743 2743 2744 2744 2744 2745 2745 2745 2746 2746 2746 2747 2747 2749 2749 2749 2753 2753 2753 2754 2754 2754 2755 2755 2755 2757 2757 2757 2757 2805 2805 2805 2805 2806 2807 2807 2807 2808 2808 2808 2814 2814 2816 2816 2816 2845 2845 2845 2845 2846 2846 2847 2847 2849 2849 2849 2849 2850 2850 2853 2894 2894 2894 2896 2896 2896 2902 2902 2902 2904 2904 2904 2949 2949 2949 2949 2950 2950 2951 2951 2953 2953 2953 2953 2953 2994 2994 2994 2996 2996 2996 3002 3002 3002 3004 3004 3004 3053 3053 3053 3053 3053 3057 3057 3057 3057 3057 3058 3058 3058 3098 3098 3098 3100 3100 3100 3106 3106 3106 3108 3108 3108 3108 3153 3153 3153 3153 3154 3154 3155 3155 3157 3157 3157 3157 3157 3158 3158 3158 3190 3190 3190 3190 3245 3245 3245 3245 3245 3391 3391 3391 3392 3392 3392 3393 3393 3393 3394 3395 3395 3395 3396 3401 3401 3402 3403 3403 3524 3524 3524 3524 3532 3532 3532 3532 3534 3534 3534 3535 3535 3535 3536 3536 3536 3536 3656 3656 3656 3656 3659 3659 3659 3660 3660 3660 3660 3660 3662 3662 3662 3663 3663 3664 3664 3664 3664 3764 3764 3764 3767 3767 3767 3768 3768 3768 3848 3848 3848 3848 3850 3850 3850 3851 3851 3851 3852 3852 3852 3852 3856 3856 3856 3856 3858 3858 3858 3859 3859 3859 3860 3860 3860 3860 3915 3915 3915 3916 3916 3916 3922 3922 3922 3923 3923 3924 3924 3924 3924 3924 3976 3976 3976 3976 3983 3983 3983 3984 3984 3984 3986 3986 3987 3987 3987 3988 3988 3988 4048 4048 4048 4048 4050 4050 4050 4051 4051 4052 4052 4052 4052 4052 4054 4054 4054 4055 4055 4055 4056 4056 4056 4056 4087 4087 4088 4088 4091 4091 4091 4092 4092 4092 4159 4160 4160 4160 4177 4178 4178 4178 4179 4179 4179 4180 4180 4180 4181 4182 4182 4182 4183 4183 4183 4184 4184 4184 4206 4206 4206 4207 4207 4207 4207 4208 4208 4209 4210 4210 4211 4211 4212 4212 4217 4217 4217 4218 4219 4219 4219 4220 4221 4221 4221 4222 4223 4223 4223 4224 4237 4237 4237 4238 4239 4239 4239 4240 4241 4241 4241 4242 4243 4243 4243 4244 4269 4269 4269 4270 4270 4270 4271 4271 4285 4285 4285 4286 4286 4286 4287 4287 4317 4317 4317 4318 4318 4318 4319 4319 4333 4333 4333 4333 4334 4334 4334 4335 4335 4335 4336 4337 4337 4337 4338 4339 4339 4339 4340 4341 4341 4341 4342 4343 4343 4343 4344 4358 4358 4359 4359 4359 4360 4360 4360 4389 4389 4389 4390 4390 4390 4391 4391 4391 4391 4392 4393 4393 4393 4394 4394 4394 4395 4395 4395 4396 4413 4413 4413 4414 4414 4414 4415 4415 4415 4416 4425 4425 4425 4426 4426 4426 4427 4427 4427 4428 4437 4437 4437 4438 4438 4438 4439 4439 4439 4440 4441 4441 4441 4442 4442 4442 4443 4443 4443 4444 
Periodic Node IDs: 
BBoxes:
Max: (x,y,z)=(      32,       50,        0) Min: (x,y,z)=(       0,       11,        0)
Status:  MARKED
Orig IDs (rank, index): (4, 1) (2, 3) (1, 1) (0, 3) 
Var_index: 5
Min Entity ID: 236


*****************************************************************************
[39mFinished inside of GrainTracker


Outlier Variable Residual Norms:
  gr0: [33m3.714334e-14[39m
  gr1: [33m3.414052e-14[39m

Postprocessor Values:
+----------------+----------------+----------------+----------------+----------------+----------------+----------------+----------------+----------------+
| time           | DOFs           | bnd_length     | dt             | grain_tracker  | n_elements     | n_nodes        | ngrains        | run_time       |
+----------------+----------------+----------------+----------------+----------------+----------------+----------------+----------------+----------------+
|   0.000000e+00 |   0.000000e+00 |   0.000000e+00 |   0.000000e+00 |   1.000000e+01 |   3.289000e+03 |   3.735000e+03 |   0.000000e+00 |   0.000000e+00 |
|   5.000000e+00 |   4.677100e+04 |   2.297931e+02 |   5.000000e+00 |   1.000000e+01 |   3.289000e+03 |   3.735000e+03 |   1.000000e+01 |   3.465612e+00 |
|   1.050000e+01 |   4.936600e+04 |   2.293829e+02 |   5.500000e+00 |   1.000000e+01 |   3.490000e+03 |   3.934000e+03 |   1.000000e+01 |   5.988040e+00 |
+----------------+----------------+----------------+----------------+----------------+----------------+----------------+----------------+----------------+

Finished Executing                                                                       [[33m  5.84 s[39m] [[33m   24 MB[39m]
